{"/Users/chrisapps/Documents/webdev/assign2/Book-A-Doc-Back-End-web-Application/src/app.js": {"path":"/Users/chrisapps/Documents/webdev/assign2/Book-A-Doc-Back-End-web-Application/src/app.js","statementMap":{"0":{"start":{"line":3,"column":16},"end":{"line":3,"column":34}},"1":{"start":{"line":4,"column":16},"end":{"line":4,"column":43}},"2":{"start":{"line":5,"column":21},"end":{"line":5,"column":57}},"3":{"start":{"line":7,"column":12},"end":{"line":7,"column":21}},"4":{"start":{"line":9,"column":0},"end":{"line":9,"column":24}},"5":{"start":{"line":12,"column":0},"end":{"line":19,"column":3}},"6":{"start":{"line":13,"column":2},"end":{"line":18,"column":3}},"7":{"start":{"line":14,"column":21},"end":{"line":14,"column":41}},"8":{"start":{"line":15,"column":4},"end":{"line":15,"column":35}},"9":{"start":{"line":17,"column":4},"end":{"line":17,"column":53}},"10":{"start":{"line":21,"column":0},"end":{"line":36,"column":3}},"11":{"start":{"line":22,"column":2},"end":{"line":35,"column":3}},"12":{"start":{"line":23,"column":26},"end":{"line":23,"column":36}},"13":{"start":{"line":24,"column":21},"end":{"line":24,"column":41}},"14":{"start":{"line":26,"column":20},"end":{"line":26,"column":61}},"15":{"start":{"line":26,"column":41},"end":{"line":26,"column":60}},"16":{"start":{"line":28,"column":4},"end":{"line":30,"column":5}},"17":{"start":{"line":29,"column":6},"end":{"line":29,"column":68}},"18":{"start":{"line":32,"column":4},"end":{"line":32,"column":36}},"19":{"start":{"line":34,"column":4},"end":{"line":34,"column":53}},"20":{"start":{"line":38,"column":0},"end":{"line":41,"column":4}},"21":{"start":{"line":39,"column":21},"end":{"line":39,"column":43}},"22":{"start":{"line":40,"column":2},"end":{"line":40,"column":35}},"23":{"start":{"line":43,"column":0},"end":{"line":54,"column":4}},"24":{"start":{"line":44,"column":24},"end":{"line":44,"column":34}},"25":{"start":{"line":45,"column":25},"end":{"line":49,"column":3}},"26":{"start":{"line":50,"column":2},"end":{"line":52,"column":3}},"27":{"start":{"line":51,"column":4},"end":{"line":51,"column":92}},"28":{"start":{"line":53,"column":2},"end":{"line":53,"column":39}},"29":{"start":{"line":56,"column":0},"end":{"line":56,"column":21}}},"fnMap":{"0":{"name":"(anonymous_0)","decl":{"start":{"line":12,"column":21},"end":{"line":12,"column":22}},"loc":{"start":{"line":12,"column":41},"end":{"line":19,"column":1}},"line":12},"1":{"name":"(anonymous_1)","decl":{"start":{"line":21,"column":32},"end":{"line":21,"column":33}},"loc":{"start":{"line":21,"column":52},"end":{"line":36,"column":1}},"line":21},"2":{"name":"(anonymous_2)","decl":{"start":{"line":26,"column":34},"end":{"line":26,"column":35}},"loc":{"start":{"line":26,"column":41},"end":{"line":26,"column":60}},"line":26},"3":{"name":"(anonymous_3)","decl":{"start":{"line":38,"column":35},"end":{"line":38,"column":36}},"loc":{"start":{"line":38,"column":55},"end":{"line":41,"column":1}},"line":38},"4":{"name":"(anonymous_4)","decl":{"start":{"line":43,"column":47},"end":{"line":43,"column":48}},"loc":{"start":{"line":43,"column":67},"end":{"line":54,"column":1}},"line":43}},"branchMap":{"0":{"loc":{"start":{"line":28,"column":4},"end":{"line":30,"column":5}},"type":"if","locations":[{"start":{"line":28,"column":4},"end":{"line":30,"column":5}},{"start":{},"end":{}}],"line":28},"1":{"loc":{"start":{"line":50,"column":2},"end":{"line":52,"column":3}},"type":"if","locations":[{"start":{"line":50,"column":2},"end":{"line":52,"column":3}},{"start":{},"end":{}}],"line":50}},"s":{"0":1,"1":1,"2":1,"3":1,"4":1,"5":1,"6":2,"7":2,"8":2,"9":0,"10":1,"11":1,"12":1,"13":1,"14":1,"15":2,"16":1,"17":0,"18":1,"19":0,"20":1,"21":1,"22":1,"23":1,"24":2,"25":2,"26":2,"27":0,"28":2,"29":1},"f":{"0":2,"1":1,"2":2,"3":1,"4":2},"b":{"0":[0,1],"1":[0,2]},"_coverageSchema":"1a1c01bbd47fc00a2c39e90264f33305004495a9","hash":"d6bf7f259ff46d59d403b377355e137c0685f506"}
,"/Users/chrisapps/Documents/webdev/assign2/Book-A-Doc-Back-End-web-Application/src/middleware/errorHandler.js": {"path":"/Users/chrisapps/Documents/webdev/assign2/Book-A-Doc-Back-End-web-Application/src/middleware/errorHandler.js","statementMap":{"0":{"start":{"line":1,"column":21},"end":{"line":3,"column":1}},"1":{"start":{"line":1,"column":29},"end":{"line":3,"column":1}},"2":{"start":{"line":2,"column":2},"end":{"line":2,"column":50}},"3":{"start":{"line":5,"column":0},"end":{"line":5,"column":30}}},"fnMap":{"0":{"name":"(anonymous_0)","decl":{"start":{"line":1,"column":21},"end":{"line":1,"column":22}},"loc":{"start":{"line":1,"column":29},"end":{"line":3,"column":1}},"line":1},"1":{"name":"(anonymous_1)","decl":{"start":{"line":1,"column":29},"end":{"line":1,"column":30}},"loc":{"start":{"line":1,"column":49},"end":{"line":3,"column":1}},"line":1}},"branchMap":{},"s":{"0":1,"1":2,"2":3,"3":1},"f":{"0":2,"1":3},"b":{},"_coverageSchema":"1a1c01bbd47fc00a2c39e90264f33305004495a9","hash":"65fee66db6fe6cf1dd9d75cb2b424cdc828f9db2"}
,"/Users/chrisapps/Documents/webdev/assign2/Book-A-Doc-Back-End-web-Application/src/middleware/hashPassword.js": {"path":"/Users/chrisapps/Documents/webdev/assign2/Book-A-Doc-Back-End-web-Application/src/middleware/hashPassword.js","statementMap":{"0":{"start":{"line":1,"column":15},"end":{"line":1,"column":32}},"1":{"start":{"line":3,"column":0},"end":{"line":17,"column":2}},"2":{"start":{"line":4,"column":2},"end":{"line":16,"column":5}},"3":{"start":{"line":5,"column":4},"end":{"line":7,"column":5}},"4":{"start":{"line":6,"column":6},"end":{"line":6,"column":20}},"5":{"start":{"line":9,"column":4},"end":{"line":15,"column":5}},"6":{"start":{"line":10,"column":25},"end":{"line":10,"column":62}},"7":{"start":{"line":11,"column":6},"end":{"line":11,"column":67}},"8":{"start":{"line":12,"column":6},"end":{"line":12,"column":20}},"9":{"start":{"line":14,"column":6},"end":{"line":14,"column":25}}},"fnMap":{"0":{"name":"hashPassword","decl":{"start":{"line":3,"column":26},"end":{"line":3,"column":38}},"loc":{"start":{"line":3,"column":56},"end":{"line":17,"column":1}},"line":3},"1":{"name":"preSavePassword","decl":{"start":{"line":4,"column":36},"end":{"line":4,"column":51}},"loc":{"start":{"line":4,"column":58},"end":{"line":16,"column":3}},"line":4}},"branchMap":{"0":{"loc":{"start":{"line":5,"column":4},"end":{"line":7,"column":5}},"type":"if","locations":[{"start":{"line":5,"column":4},"end":{"line":7,"column":5}},{"start":{},"end":{}}],"line":5},"1":{"loc":{"start":{"line":10,"column":25},"end":{"line":10,"column":62}},"type":"binary-expr","locations":[{"start":{"line":10,"column":26},"end":{"line":10,"column":33}},{"start":{"line":10,"column":37},"end":{"line":10,"column":55}},{"start":{"line":10,"column":60},"end":{"line":10,"column":62}}],"line":10}},"s":{"0":2,"1":2,"2":2,"3":1,"4":0,"5":1,"6":1,"7":1,"8":1,"9":0},"f":{"0":2,"1":1},"b":{"0":[0,1],"1":[1,1,0]},"_coverageSchema":"1a1c01bbd47fc00a2c39e90264f33305004495a9","hash":"541b5b373ea63102c8c2ae05afe10d367f2bb169"}
,"/Users/chrisapps/Documents/webdev/assign2/Book-A-Doc-Back-End-web-Application/src/models/patient.js": {"path":"/Users/chrisapps/Documents/webdev/assign2/Book-A-Doc-Back-End-web-Application/src/models/patient.js","statementMap":{"0":{"start":{"line":1,"column":17},"end":{"line":1,"column":36}},"1":{"start":{"line":2,"column":21},"end":{"line":2,"column":58}},"2":{"start":{"line":5,"column":22},"end":{"line":70,"column":2}},"3":{"start":{"line":21,"column":8},"end":{"line":21,"column":56}},"4":{"start":{"line":32,"column":10},"end":{"line":32,"column":37}},"5":{"start":{"line":38,"column":24},"end":{"line":38,"column":34}},"6":{"start":{"line":39,"column":22},"end":{"line":39,"column":63}},"7":{"start":{"line":40,"column":34},"end":{"line":40,"column":69}},"8":{"start":{"line":42,"column":10},"end":{"line":44,"column":11}},"9":{"start":{"line":43,"column":12},"end":{"line":43,"column":33}},"10":{"start":{"line":45,"column":10},"end":{"line":45,"column":27}},"11":{"start":{"line":72,"column":0},"end":{"line":72,"column":51}},"12":{"start":{"line":75,"column":0},"end":{"line":75,"column":55}},"13":{"start":{"line":78,"column":16},"end":{"line":78,"column":56}},"14":{"start":{"line":81,"column":0},"end":{"line":81,"column":25}}},"fnMap":{"0":{"name":"(anonymous_0)","decl":{"start":{"line":20,"column":6},"end":{"line":20,"column":7}},"loc":{"start":{"line":20,"column":23},"end":{"line":22,"column":7}},"line":20},"1":{"name":"(anonymous_1)","decl":{"start":{"line":31,"column":8},"end":{"line":31,"column":9}},"loc":{"start":{"line":31,"column":25},"end":{"line":33,"column":9}},"line":31},"2":{"name":"(anonymous_2)","decl":{"start":{"line":37,"column":8},"end":{"line":37,"column":9}},"loc":{"start":{"line":37,"column":25},"end":{"line":46,"column":9}},"line":37}},"branchMap":{"0":{"loc":{"start":{"line":42,"column":10},"end":{"line":44,"column":11}},"type":"if","locations":[{"start":{"line":42,"column":10},"end":{"line":44,"column":11}},{"start":{},"end":{}}],"line":42},"1":{"loc":{"start":{"line":42,"column":14},"end":{"line":42,"column":97}},"type":"binary-expr","locations":[{"start":{"line":42,"column":14},"end":{"line":42,"column":33}},{"start":{"line":42,"column":38},"end":{"line":42,"column":59}},{"start":{"line":42,"column":63},"end":{"line":42,"column":96}}],"line":42}},"s":{"0":1,"1":1,"2":1,"3":0,"4":0,"5":0,"6":0,"7":0,"8":0,"9":0,"10":0,"11":1,"12":1,"13":1,"14":1},"f":{"0":0,"1":0,"2":0},"b":{"0":[0,0],"1":[0,0,0]},"_coverageSchema":"1a1c01bbd47fc00a2c39e90264f33305004495a9","hash":"8cd8c33411a9edd42c9db037ed55dbc2611d3792"}
,"/Users/chrisapps/Documents/webdev/assign2/Book-A-Doc-Back-End-web-Application/src/models/userTest.js": {"path":"/Users/chrisapps/Documents/webdev/assign2/Book-A-Doc-Back-End-web-Application/src/models/userTest.js","statementMap":{"0":{"start":{"line":1,"column":17},"end":{"line":1,"column":36}},"1":{"start":{"line":2,"column":27},"end":{"line":2,"column":64}},"2":{"start":{"line":4,"column":19},"end":{"line":13,"column":2}},"3":{"start":{"line":15,"column":0},"end":{"line":15,"column":58}},"4":{"start":{"line":17,"column":0},"end":{"line":17,"column":52}}},"fnMap":{},"branchMap":{},"s":{"0":1,"1":1,"2":1,"3":1,"4":1},"f":{},"b":{},"_coverageSchema":"1a1c01bbd47fc00a2c39e90264f33305004495a9","hash":"e958c90ca4ce70cc31464e0fe2de317eaa2c180e"}
}
