TN:
SF:src/app.js
FN:12,(anonymous_0)
FN:21,(anonymous_1)
FN:26,(anonymous_2)
FN:38,(anonymous_3)
FN:43,(anonymous_4)
FNF:5
FNH:5
FNDA:2,(anonymous_0)
FNDA:1,(anonymous_1)
FNDA:2,(anonymous_2)
FNDA:1,(anonymous_3)
FNDA:2,(anonymous_4)
DA:3,1
DA:4,1
DA:5,1
DA:7,1
DA:9,1
DA:12,1
DA:13,2
DA:14,2
DA:15,2
DA:17,0
DA:21,1
DA:22,1
DA:23,1
DA:24,1
DA:26,2
DA:28,1
DA:29,0
DA:32,1
DA:34,0
DA:38,1
DA:39,1
DA:40,1
DA:43,1
DA:44,2
DA:45,2
DA:50,2
DA:51,0
DA:53,2
DA:56,1
LF:29
LH:25
BRDA:28,0,0,0
BRDA:28,0,1,1
BRDA:50,1,0,0
BRDA:50,1,1,2
BRF:4
BRH:2
end_of_record
TN:
SF:src/middleware/errorHandler.js
FN:1,(anonymous_0)
FN:1,(anonymous_1)
FNF:2
FNH:2
FNDA:2,(anonymous_0)
FNDA:3,(anonymous_1)
DA:1,2
DA:2,3
DA:5,1
LF:3
LH:3
BRF:0
BRH:0
end_of_record
TN:
SF:src/middleware/hashPassword.js
FN:3,hashPassword
FN:4,preSavePassword
FNF:2
FNH:2
FNDA:2,hashPassword
FNDA:1,preSavePassword
DA:1,2
DA:3,2
DA:4,2
DA:5,1
DA:6,0
DA:9,1
DA:10,1
DA:11,1
DA:12,1
DA:14,0
LF:10
LH:8
BRDA:5,0,0,0
BRDA:5,0,1,1
BRDA:10,1,0,1
BRDA:10,1,1,1
BRDA:10,1,2,0
BRF:5
BRH:3
end_of_record
TN:
SF:src/models/patient.js
FN:20,(anonymous_0)
FN:31,(anonymous_1)
FN:37,(anonymous_2)
FNF:3
FNH:0
FNDA:0,(anonymous_0)
FNDA:0,(anonymous_1)
FNDA:0,(anonymous_2)
DA:1,1
DA:2,1
DA:5,1
DA:21,0
DA:32,0
DA:38,0
DA:39,0
DA:40,0
DA:42,0
DA:43,0
DA:45,0
DA:72,1
DA:75,1
DA:78,1
DA:81,1
LF:15
LH:7
BRDA:42,0,0,0
BRDA:42,0,1,0
BRDA:42,1,0,0
BRDA:42,1,1,0
BRDA:42,1,2,0
BRF:5
BRH:0
end_of_record
TN:
SF:src/models/userTest.js
FNF:0
FNH:0
DA:1,1
DA:2,1
DA:4,1
DA:15,1
DA:17,1
LF:5
LH:5
BRF:0
BRH:0
end_of_record
